[2019-07-04 09:34:27 at 44 line of home_view.py ] 主页面显示成功
[2019-07-04 09:36:25 at 44 line of home_view.py ] 主页面显示成功
[2019-07-04 09:38:04 at 44 line of home_view.py ] 主页面显示成功
[2019-07-04 09:38:05 at 44 line of home_view.py ] 主页面显示成功
[2019-07-04 09:38:15 at 27 line of user_view.py ] 验证码已发送
[2019-07-04 09:38:34 at 71 line of user_view.py ] 登录成功
[2019-07-04 09:39:12 at 44 line of home_view.py ] 主页面显示成功
[2019-07-04 09:39:20 at 44 line of home_view.py ] 主页面显示成功
[2019-07-04 09:39:54 at 44 line of home_view.py ] 主页面显示成功
[2019-07-04 09:40:38 at 44 line of home_view.py ] 主页面显示成功
[2019-07-04 09:53:29 at 27 line of user_view.py ] 验证码已发送
[2019-07-04 09:53:44 at 71 line of user_view.py ] 登录成功
[2019-07-04 09:53:44 at 44 line of home_view.py ] 主页面显示成功
[2019-07-04 09:53:51 at 44 line of home_view.py ] 主页面显示成功
[2019-07-04 09:54:01 at 71 line of user_view.py ] 登录成功
[2019-07-04 09:54:14 at 71 line of user_view.py ] 登录成功
[2019-07-04 09:56:10 at 78 line of user_view.py ] 手机号或验证码错误
[2019-07-04 09:56:11 at 78 line of user_view.py ] 手机号或验证码错误
[2019-07-04 10:07:43 at 55 line of home_view.py ] 主页面显示成功
[2019-07-04 10:09:25 at 55 line of home_view.py ] 主页面显示成功
[2019-07-04 10:13:41 at 55 line of home_view.py ] 主页面显示成功
[2019-07-04 10:13:55 at 55 line of home_view.py ] 主页面显示成功
[2019-07-04 10:14:07 at 55 line of home_view.py ] 主页面显示成功
[2019-07-04 10:16:36 at 55 line of home_view.py ] 主页面显示成功
[2019-07-04 10:17:05 at 27 line of user_view.py ] 验证码已发送
[2019-07-04 10:17:28 at 71 line of user_view.py ] 登录成功
[2019-07-04 10:32:47 at 65 line of home_view.py ] 主页面显示成功
[2019-07-04 10:42:56 at 65 line of home_view.py ] 主页面显示成功
[2019-07-04 10:46:09 at 65 line of home_view.py ] 主页面显示成功
[2019-07-04 10:53:49 at 68 line of home_view.py ] 主页面显示成功
[2019-07-04 10:57:56 at 68 line of home_view.py ] 主页面显示成功
[2019-07-04 11:07:09 at 66 line of home_view.py ] 主页面显示成功
[2019-07-04 11:13:44 at 66 line of home_view.py ] 主页面显示成功
[2019-07-04 11:15:09 at 78 line of shop_view.py ] 商家信息查询成功
[2019-07-04 11:16:01 at 78 line of shop_view.py ] 商家信息查询成功
[2019-07-04 11:16:07 at 78 line of shop_view.py ] 商家信息查询成功
[2019-07-04 11:17:00 at 78 line of shop_view.py ] 商家信息查询成功
[2019-07-04 11:18:56 at 75 line of shop_view.py ] 商家信息查询成功
[2019-07-04 11:18:59 at 75 line of shop_view.py ] 商家信息查询成功
[2019-07-04 11:20:52 at 75 line of shop_view.py ] 商家信息查询成功
[2019-07-04 11:25:16 at 75 line of shop_view.py ] 商家信息查询成功
[2019-07-04 11:25:38 at 75 line of shop_view.py ] 商家信息查询成功
[2019-07-04 11:25:40 at 75 line of shop_view.py ] 商家信息查询成功
[2019-07-04 11:27:17 at 75 line of shop_view.py ] 商家信息查询成功
[2019-07-04 11:28:08 at 75 line of shop_view.py ] 商家信息查询成功
[2019-07-04 11:28:35 at 75 line of shop_view.py ] 商家信息查询成功
[2019-07-04 11:29:18 at 75 line of shop_view.py ] 商家信息查询成功
[2019-07-04 11:30:06 at 75 line of shop_view.py ] 商家信息查询成功
[2019-07-04 11:30:08 at 75 line of shop_view.py ] 商家信息查询成功
[2019-07-04 11:33:00 at 66 line of home_view.py ] 主页面显示成功
[2019-07-04 11:34:06 at 66 line of home_view.py ] 主页面显示成功
[2019-07-04 11:34:13 at 75 line of shop_view.py ] 商家信息查询成功
[2019-07-04 11:35:10 at 75 line of shop_view.py ] 商家信息查询成功
[2019-07-04 11:36:24 at 75 line of shop_view.py ] 商家信息查询成功
[2019-07-04 11:36:44 at 75 line of shop_view.py ] 商家信息查询成功
[2019-07-04 11:39:43 at 75 line of shop_view.py ] 商家信息查询成功
[2019-07-04 11:40:14 at 75 line of shop_view.py ] 商家信息查询成功
[2019-07-04 11:43:04 at 66 line of home_view.py ] 主页面显示成功
[2019-07-04 11:43:55 at 66 line of home_view.py ] 主页面显示成功
[2019-07-04 11:44:25 at 75 line of shop_view.py ] 商家信息查询成功
[2019-07-04 11:46:02 at 75 line of shop_view.py ] 商家信息查询成功
[2019-07-04 11:46:51 at 75 line of shop_view.py ] 商家信息查询成功
[2019-07-04 11:47:22 at 75 line of shop_view.py ] 商家信息查询成功
[2019-07-04 11:47:29 at 66 line of home_view.py ] 主页面显示成功
[2019-07-04 11:47:32 at 75 line of shop_view.py ] 商家信息查询成功
[2019-07-04 11:48:35 at 75 line of shop_view.py ] 商家信息查询成功
[2019-07-04 11:49:07 at 75 line of shop_view.py ] 商家信息查询成功
[2019-07-04 11:49:20 at 75 line of shop_view.py ] 商家信息查询成功
[2019-07-04 11:51:00 at 66 line of home_view.py ] 主页面显示成功
[2019-07-04 11:51:00 at 75 line of shop_view.py ] 商家信息查询成功
[2019-07-04 11:54:33 at 27 line of user_view.py ] 验证码已发送
[2019-07-04 11:54:47 at 71 line of user_view.py ] 登录成功
[2019-07-04 11:55:11 at 77 line of shop_view.py ] 商家信息查询成功
[2019-07-04 11:58:31 at 77 line of shop_view.py ] 商家信息查询成功
[2019-07-04 11:59:03 at 27 line of user_view.py ] 验证码已发送
[2019-07-04 11:59:38 at 78 line of user_view.py ] 手机号或验证码错误
[2019-07-04 11:59:57 at 135 line of user_features_view.py ] 显示所有评论
[2019-07-04 12:00:07 at 135 line of user_features_view.py ] 显示所有评论
[2019-07-04 12:00:09 at 71 line of user_view.py ] 登录成功
[2019-07-04 12:00:21 at 135 line of user_features_view.py ] 显示所有评论
[2019-07-04 12:00:38 at 135 line of user_features_view.py ] 显示所有评论
[2019-07-04 12:05:14 at 135 line of user_features_view.py ] 显示所有评论
[2019-07-04 12:06:40 at 135 line of user_features_view.py ] 显示所有评论
[2019-07-04 12:06:49 at 135 line of user_features_view.py ] 显示所有评论
[2019-07-04 12:06:52 at 77 line of shop_view.py ] 商家信息查询成功
[2019-07-04 12:08:49 at 135 line of user_features_view.py ] 显示所有评论
[2019-07-04 12:10:46 at 135 line of user_features_view.py ] 显示所有评论
[2019-07-04 12:17:01 at 135 line of user_features_view.py ] 显示所有评论
[2019-07-04 13:05:33 at 77 line of shop_view.py ] 商家信息查询成功
[2019-07-04 13:06:24 at 69 line of home_view.py ] 参数错误'NoneType' object is not subscriptable
[2019-07-04 13:07:04 at 69 line of home_view.py ] 参数错误'NoneType' object is not subscriptable
[2019-07-04 13:07:14 at 77 line of shop_view.py ] 商家信息查询成功
[2019-07-04 13:13:47 at 69 line of home_view.py ] 参数错误'NoneType' object is not subscriptable
[2019-07-04 13:14:29 at 69 line of home_view.py ] 参数错误'NoneType' object is not subscriptable
[2019-07-04 13:27:27 at 78 line of user_view.py ] 手机号或验证码错误
[2019-07-04 13:27:46 at 78 line of user_view.py ] 手机号或验证码错误
[2019-07-04 13:28:28 at 78 line of user_view.py ] 手机号或验证码错误
[2019-07-04 13:35:45 at 69 line of home_view.py ] 参数错误'NoneType' object is not subscriptable
[2019-07-04 14:14:10 at 135 line of user_features_view.py ] 显示所有评论
[2019-07-04 14:30:09 at 69 line of home_view.py ] 参数错误'NoneType' object is not subscriptable
[2019-07-04 14:30:09 at 69 line of home_view.py ] 参数错误'NoneType' object is not subscriptable
[2019-07-04 14:30:51 at 69 line of home_view.py ] 参数错误'NoneType' object is not subscriptable
[2019-07-04 14:30:51 at 69 line of home_view.py ] 参数错误'NoneType' object is not subscriptable
[2019-07-04 14:30:58 at 69 line of home_view.py ] 参数错误'NoneType' object is not subscriptable
[2019-07-04 14:30:58 at 69 line of home_view.py ] 参数错误'NoneType' object is not subscriptable
[2019-07-04 14:31:05 at 69 line of home_view.py ] 参数错误'NoneType' object is not subscriptable
[2019-07-04 14:31:05 at 69 line of home_view.py ] 参数错误'NoneType' object is not subscriptable
[2019-07-04 14:31:32 at 69 line of home_view.py ] 参数错误'NoneType' object is not subscriptable
[2019-07-04 14:31:32 at 69 line of home_view.py ] 参数错误'NoneType' object is not subscriptable
[2019-07-04 14:33:01 at 69 line of home_view.py ] 参数错误'NoneType' object is not subscriptable
[2019-07-04 14:33:01 at 69 line of home_view.py ] 参数错误'NoneType' object is not subscriptable
[2019-07-04 14:33:18 at 69 line of home_view.py ] 参数错误'NoneType' object is not subscriptable
[2019-07-04 14:33:18 at 69 line of home_view.py ] 参数错误'NoneType' object is not subscriptable
[2019-07-04 14:34:50 at 69 line of home_view.py ] 参数错误'NoneType' object is not subscriptable
[2019-07-04 14:34:50 at 69 line of home_view.py ] 参数错误'NoneType' object is not subscriptable
[2019-07-04 14:36:42 at 69 line of home_view.py ] 参数错误'NoneType' object is not subscriptable
[2019-07-04 14:36:42 at 69 line of home_view.py ] 参数错误'NoneType' object is not subscriptable
[2019-07-04 14:37:51 at 69 line of home_view.py ] 参数错误byte indices must be integers or slices, not str
[2019-07-04 14:37:51 at 69 line of home_view.py ] 参数错误byte indices must be integers or slices, not str
[2019-07-04 14:42:15 at 135 line of user_features_view.py ] 显示所有评论
[2019-07-04 14:44:56 at 135 line of user_features_view.py ] 显示所有评论
[2019-07-04 14:51:50 at 66 line of home_view.py ] 主页面显示成功
[2019-07-04 14:52:37 at 70 line of home_view.py ] 参数错误byte indices must be integers or slices, not str
[2019-07-04 14:53:03 at 71 line of home_view.py ] 参数错误byte indices must be integers or slices, not str
[2019-07-04 14:54:41 at 72 line of home_view.py ] 参数错误byte indices must be integers or slices, not str
[2019-07-04 14:54:59 at 72 line of home_view.py ] 参数错误byte indices must be integers or slices, not str
[2019-07-04 15:03:39 at 27 line of user_view.py ] 验证码已发送
[2019-07-04 15:05:36 at 72 line of home_view.py ] 参数错误byte indices must be integers or slices, not str
[2019-07-04 15:05:48 at 72 line of home_view.py ] 参数错误byte indices must be integers or slices, not str
[2019-07-04 15:06:41 at 72 line of home_view.py ] 参数错误byte indices must be integers or slices, not str
[2019-07-04 15:08:09 at 72 line of home_view.py ] 参数错误byte indices must be integers or slices, not str
[2019-07-04 15:09:12 at 72 line of home_view.py ] 参数错误byte indices must be integers or slices, not str
[2019-07-04 15:09:35 at 72 line of home_view.py ] 参数错误byte indices must be integers or slices, not str
[2019-07-04 15:10:25 at 69 line of home_view.py ] 主页面显示成功
[2019-07-04 15:16:04 at 69 line of home_view.py ] 主页面显示成功
[2019-07-04 15:17:31 at 69 line of home_view.py ] 主页面显示成功
[2019-07-04 15:19:45 at 69 line of home_view.py ] 主页面显示成功
[2019-07-04 15:20:21 at 69 line of home_view.py ] 主页面显示成功
[2019-07-04 15:20:35 at 69 line of home_view.py ] 主页面显示成功
[2019-07-04 15:21:51 at 69 line of home_view.py ] 主页面显示成功
[2019-07-04 15:21:51 at 69 line of home_view.py ] 主页面显示成功
[2019-07-04 15:25:07 at 69 line of home_view.py ] 主页面显示成功
[2019-07-04 15:25:07 at 106 line of home_view.py ] 获取到全部分类
[2019-07-04 15:25:07 at 69 line of home_view.py ] 主页面显示成功
[2019-07-04 15:30:26 at 69 line of home_view.py ] 主页面显示成功
[2019-07-04 15:30:26 at 106 line of home_view.py ] 获取到全部分类
[2019-07-04 15:30:26 at 69 line of home_view.py ] 主页面显示成功
[2019-07-04 15:30:32 at 69 line of home_view.py ] 主页面显示成功
[2019-07-04 15:30:32 at 106 line of home_view.py ] 获取到全部分类
[2019-07-04 15:30:32 at 69 line of home_view.py ] 主页面显示成功
[2019-07-04 15:48:23 at 24 line of payvip_view.py ] 此用户无银行卡
[2019-07-04 15:48:23 at 24 line of payvip_view.py ] 此用户无银行卡
[2019-07-04 15:50:33 at 24 line of payvip_view.py ] 此用户无银行卡
[2019-07-04 15:50:33 at 24 line of payvip_view.py ] 此用户无银行卡
[2019-07-04 15:51:48 at 24 line of payvip_view.py ] 此用户无银行卡
[2019-07-04 15:51:48 at 24 line of payvip_view.py ] 此用户无银行卡
[2019-07-04 15:53:22 at 24 line of payvip_view.py ] 此用户无银行卡
[2019-07-04 15:53:22 at 24 line of payvip_view.py ] 此用户无银行卡
[2019-07-04 15:53:40 at 24 line of payvip_view.py ] 此用户无银行卡
[2019-07-04 15:53:40 at 24 line of payvip_view.py ] 此用户无银行卡
[2019-07-04 15:54:19 at 69 line of home_view.py ] 主页面显示成功
[2019-07-04 15:54:42 at 69 line of home_view.py ] 主页面显示成功
[2019-07-04 15:55:55 at 24 line of payvip_view.py ] 此用户无银行卡
[2019-07-04 15:56:16 at 24 line of payvip_view.py ] 此用户无银行卡
[2019-07-04 15:56:16 at 24 line of payvip_view.py ] 此用户无银行卡
[2019-07-04 15:57:10 at 24 line of payvip_view.py ] 此用户无银行卡
[2019-07-04 15:57:10 at 24 line of payvip_view.py ] 此用户无银行卡
[2019-07-04 15:57:14 at 24 line of payvip_view.py ] 此用户无银行卡
[2019-07-04 15:57:14 at 24 line of payvip_view.py ] 此用户无银行卡
[2019-07-04 15:59:06 at 67 line of payvip_view.py ] 余额为0
[2019-07-04 15:59:28 at 24 line of payvip_view.py ] 此用户无银行卡
[2019-07-04 15:59:28 at 24 line of payvip_view.py ] 此用户无银行卡
[2019-07-04 16:03:33 at 24 line of payvip_view.py ] 此用户无银行卡
[2019-07-04 16:03:33 at 24 line of payvip_view.py ] 此用户无银行卡
[2019-07-04 16:03:33 at 24 line of payvip_view.py ] 此用户无银行卡
[2019-07-04 16:03:33 at 24 line of payvip_view.py ] 此用户无银行卡
[2019-07-04 16:03:33 at 24 line of payvip_view.py ] 此用户无银行卡
[2019-07-04 16:03:33 at 24 line of payvip_view.py ] 此用户无银行卡
[2019-07-04 16:04:11 at 24 line of payvip_view.py ] 此用户无银行卡
[2019-07-04 16:04:11 at 24 line of payvip_view.py ] 此用户无银行卡
[2019-07-04 16:04:11 at 24 line of payvip_view.py ] 此用户无银行卡
[2019-07-04 16:04:11 at 24 line of payvip_view.py ] 此用户无银行卡
[2019-07-04 16:06:16 at 24 line of payvip_view.py ] 此用户无银行卡
[2019-07-04 16:06:16 at 24 line of payvip_view.py ] 此用户无银行卡
[2019-07-04 16:06:16 at 24 line of payvip_view.py ] 此用户无银行卡
[2019-07-04 16:06:16 at 24 line of payvip_view.py ] 此用户无银行卡
[2019-07-04 16:06:16 at 24 line of payvip_view.py ] 此用户无银行卡
[2019-07-04 16:06:16 at 24 line of payvip_view.py ] 此用户无银行卡
[2019-07-04 16:06:43 at 24 line of payvip_view.py ] 此用户无银行卡
[2019-07-04 16:06:44 at 24 line of payvip_view.py ] 此用户无银行卡
[2019-07-04 16:06:44 at 24 line of payvip_view.py ] 此用户无银行卡
[2019-07-04 16:06:44 at 24 line of payvip_view.py ] 此用户无银行卡
[2019-07-04 16:07:39 at 24 line of payvip_view.py ] 此用户无银行卡
[2019-07-04 16:07:39 at 24 line of payvip_view.py ] 此用户无银行卡
[2019-07-04 16:07:39 at 29 line of payvip_view.py ] 显示所有银行卡
[2019-07-04 16:07:39 at 29 line of payvip_view.py ] 显示所有银行卡
[2019-07-04 16:09:56 at 24 line of payvip_view.py ] 此用户无银行卡
[2019-07-04 16:09:56 at 24 line of payvip_view.py ] 此用户无银行卡
[2019-07-04 16:09:56 at 29 line of payvip_view.py ] 显示所有银行卡
[2019-07-04 16:09:56 at 24 line of payvip_view.py ] 此用户无银行卡
[2019-07-04 16:09:56 at 24 line of payvip_view.py ] 此用户无银行卡
[2019-07-04 16:09:56 at 29 line of payvip_view.py ] 显示所有银行卡
[2019-07-04 16:12:03 at 24 line of payvip_view.py ] 此用户无银行卡
[2019-07-04 16:12:03 at 24 line of payvip_view.py ] 此用户无银行卡
[2019-07-04 16:12:03 at 29 line of payvip_view.py ] 显示所有银行卡
[2019-07-04 16:12:03 at 24 line of payvip_view.py ] 此用户无银行卡
[2019-07-04 16:12:03 at 24 line of payvip_view.py ] 此用户无银行卡
[2019-07-04 16:12:03 at 29 line of payvip_view.py ] 显示所有银行卡
[2019-07-04 16:17:25 at 69 line of home_view.py ] 主页面显示成功
[2019-07-04 16:17:28 at 69 line of home_view.py ] 主页面显示成功
[2019-07-04 16:17:28 at 69 line of home_view.py ] 主页面显示成功
[2019-07-04 16:17:29 at 69 line of home_view.py ] 主页面显示成功
[2019-07-04 16:17:29 at 69 line of home_view.py ] 主页面显示成功
[2019-07-04 16:17:30 at 69 line of home_view.py ] 主页面显示成功
[2019-07-04 16:17:30 at 69 line of home_view.py ] 主页面显示成功
[2019-07-04 16:17:33 at 69 line of home_view.py ] 主页面显示成功
[2019-07-04 16:17:33 at 69 line of home_view.py ] 主页面显示成功
[2019-07-04 16:17:33 at 69 line of home_view.py ] 主页面显示成功
[2019-07-04 16:17:34 at 69 line of home_view.py ] 主页面显示成功
[2019-07-04 16:17:34 at 69 line of home_view.py ] 主页面显示成功
[2019-07-04 16:17:34 at 69 line of home_view.py ] 主页面显示成功
[2019-07-04 16:17:35 at 69 line of home_view.py ] 主页面显示成功
[2019-07-04 16:17:35 at 69 line of home_view.py ] 主页面显示成功
[2019-07-04 16:17:36 at 69 line of home_view.py ] 主页面显示成功
[2019-07-04 16:17:36 at 69 line of home_view.py ] 主页面显示成功
[2019-07-04 16:17:37 at 69 line of home_view.py ] 主页面显示成功
[2019-07-04 16:17:37 at 69 line of home_view.py ] 主页面显示成功
[2019-07-04 16:17:37 at 69 line of home_view.py ] 主页面显示成功
[2019-07-04 16:17:38 at 69 line of home_view.py ] 主页面显示成功
[2019-07-04 16:17:38 at 69 line of home_view.py ] 主页面显示成功
[2019-07-04 16:17:39 at 69 line of home_view.py ] 主页面显示成功
[2019-07-04 16:17:39 at 69 line of home_view.py ] 主页面显示成功
[2019-07-04 16:17:40 at 69 line of home_view.py ] 主页面显示成功
[2019-07-04 16:18:38 at 61 line of payvip_view.py ] 充值成功
[2019-07-04 16:18:38 at 61 line of payvip_view.py ] 充值成功
[2019-07-04 16:34:30 at 69 line of home_view.py ] 主页面显示成功
[2019-07-04 16:39:18 at 69 line of home_view.py ] 主页面显示成功
[2019-07-04 16:39:18 at 106 line of home_view.py ] 获取到全部分类
[2019-07-04 16:39:18 at 106 line of home_view.py ] 获取到全部分类
[2019-07-04 16:39:26 at 69 line of home_view.py ] 主页面显示成功
[2019-07-04 16:39:26 at 106 line of home_view.py ] 获取到全部分类
[2019-07-04 16:39:26 at 69 line of home_view.py ] 主页面显示成功
[2019-07-04 16:39:26 at 106 line of home_view.py ] 获取到全部分类
[2019-07-04 16:47:29 at 18 line of shop_view.py ] 全部小分类
[2019-07-04 16:47:29 at 18 line of shop_view.py ] 全部小分类
[2019-07-04 16:51:47 at 18 line of shop_view.py ] 全部小分类
[2019-07-04 16:51:47 at 38 line of shop_view.py ] 店铺信息查询成功
[2019-07-04 16:51:47 at 18 line of shop_view.py ] 全部小分类
[2019-07-04 16:51:47 at 38 line of shop_view.py ] 店铺信息查询成功
[2019-07-04 16:55:13 at 56 line of shop_view.py ] 商品信息查询成功
[2019-07-04 16:55:13 at 18 line of shop_view.py ] 全部小分类
[2019-07-04 16:55:14 at 38 line of shop_view.py ] 店铺信息查询成功
[2019-07-04 16:55:14 at 56 line of shop_view.py ] 商品信息查询成功
[2019-07-04 16:57:19 at 56 line of shop_view.py ] 商品信息查询成功
[2019-07-04 16:57:19 at 77 line of shop_view.py ] 商家信息查询成功
[2019-07-04 16:57:19 at 18 line of shop_view.py ] 全部小分类
[2019-07-04 16:57:19 at 38 line of shop_view.py ] 店铺信息查询成功
[2019-07-04 16:57:19 at 77 line of shop_view.py ] 商家信息查询成功
[2019-07-04 16:58:53 at 94 line of shop_view.py ] 商品详细信息查询成功
[2019-07-04 16:58:53 at 56 line of shop_view.py ] 商品信息查询成功
[2019-07-04 16:58:53 at 77 line of shop_view.py ] 商家信息查询成功
[2019-07-04 16:58:53 at 18 line of shop_view.py ] 全部小分类
[2019-07-04 16:58:53 at 38 line of shop_view.py ] 店铺信息查询成功
[2019-07-04 16:58:53 at 94 line of shop_view.py ] 商品详细信息查询成功
[2019-07-04 16:58:53 at 56 line of shop_view.py ] 商品信息查询成功
[2019-07-04 16:58:53 at 77 line of shop_view.py ] 商家信息查询成功
[2019-07-04 16:58:53 at 18 line of shop_view.py ] 全部小分类
[2019-07-04 16:58:53 at 38 line of shop_view.py ] 店铺信息查询成功
[2019-07-04 17:08:18 at 69 line of home_view.py ] 主页面显示成功
[2019-07-04 17:11:16 at 69 line of home_view.py ] 主页面显示成功
[2019-07-04 17:24:39 at 135 line of user_features_view.py ] 显示所有评论
[2019-07-04 17:25:10 at 69 line of home_view.py ] 主页面显示成功
[2019-07-04 17:25:32 at 78 line of user_view.py ] 手机号或验证码错误
[2019-07-04 17:25:46 at 78 line of user_view.py ] 手机号或验证码错误
[2019-07-04 17:26:28 at 78 line of user_view.py ] 手机号或验证码错误
[2019-07-04 17:27:21 at 78 line of user_view.py ] 手机号或验证码错误
[2019-07-04 17:27:34 at 78 line of user_view.py ] 手机号或验证码错误
[2019-07-04 17:28:01 at 79 line of user_view.py ] 手机号或验证码错误
[2019-07-04 17:29:13 at 79 line of user_view.py ] 手机号或验证码错误
[2019-07-04 17:29:23 at 79 line of user_view.py ] 手机号或验证码错误
[2019-07-04 17:30:18 at 27 line of user_view.py ] 验证码已发送
[2019-07-04 17:30:35 at 79 line of user_view.py ] 手机号或验证码错误
[2019-07-04 17:45:15 at 72 line of user_view.py ] 登录成功
[2019-07-04 17:47:37 at 77 line of shop_view.py ] 商家信息查询成功
[2019-07-04 17:49:02 at 77 line of shop_view.py ] 商家信息查询成功
[2019-07-04 18:03:22 at 72 line of user_view.py ] 登录成功
[2019-07-04 18:04:00 at 72 line of user_view.py ] 登录成功
[2019-07-04 18:09:56 at 69 line of home_view.py ] 主页面显示成功
[2019-07-04 18:09:57 at 77 line of shop_view.py ] 商家信息查询成功
[2019-07-04 18:10:09 at 77 line of shop_view.py ] 商家信息查询成功
[2019-07-04 18:11:06 at 77 line of shop_view.py ] 商家信息查询成功
[2019-07-04 18:13:49 at 77 line of shop_view.py ] 商家信息查询成功
[2019-07-04 18:15:29 at 77 line of shop_view.py ] 商家信息查询成功
[2019-07-04 18:15:58 at 77 line of shop_view.py ] 商家信息查询成功
[2019-07-04 18:16:23 at 77 line of shop_view.py ] 商家信息查询成功
[2019-07-04 18:16:39 at 77 line of shop_view.py ] 商家信息查询成功
[2019-07-04 18:17:35 at 77 line of shop_view.py ] 商家信息查询成功
[2019-07-04 18:18:44 at 77 line of shop_view.py ] 商家信息查询成功
[2019-07-04 18:19:00 at 77 line of shop_view.py ] 商家信息查询成功
[2019-07-04 18:19:34 at 77 line of shop_view.py ] 商家信息查询成功
[2019-07-04 18:20:23 at 39 line of user_features_view.py ] 地址成功添加
[2019-07-04 18:22:01 at 77 line of shop_view.py ] 商家信息查询成功
[2019-07-04 18:23:41 at 77 line of shop_view.py ] 商家信息查询成功
[2019-07-04 18:23:44 at 77 line of shop_view.py ] 商家信息查询成功
[2019-07-04 18:24:35 at 77 line of shop_view.py ] 商家信息查询成功
[2019-07-04 18:25:12 at 77 line of shop_view.py ] 商家信息查询成功
[2019-07-04 18:26:09 at 77 line of shop_view.py ] 商家信息查询成功
[2019-07-04 18:26:13 at 77 line of shop_view.py ] 商家信息查询成功
[2019-07-04 18:26:39 at 39 line of user_features_view.py ] 地址成功添加
[2019-07-04 18:26:41 at 77 line of shop_view.py ] 商家信息查询成功
[2019-07-04 18:27:33 at 77 line of shop_view.py ] 商家信息查询成功
[2019-07-04 18:28:08 at 77 line of shop_view.py ] 商家信息查询成功
[2019-07-04 18:28:49 at 77 line of shop_view.py ] 商家信息查询成功
[2019-07-04 18:29:01 at 77 line of shop_view.py ] 商家信息查询成功
[2019-07-04 18:29:26 at 77 line of shop_view.py ] 商家信息查询成功
[2019-07-04 18:31:09 at 77 line of shop_view.py ] 商家信息查询成功
[2019-07-04 18:33:53 at 77 line of shop_view.py ] 商家信息查询成功
[2019-07-04 18:34:30 at 77 line of shop_view.py ] 商家信息查询成功
[2019-07-04 18:34:50 at 77 line of shop_view.py ] 商家信息查询成功
[2019-07-04 18:34:57 at 77 line of shop_view.py ] 商家信息查询成功
[2019-07-04 18:35:01 at 77 line of shop_view.py ] 商家信息查询成功
[2019-07-04 18:38:18 at 77 line of shop_view.py ] 商家信息查询成功
[2019-07-04 18:38:36 at 77 line of shop_view.py ] 商家信息查询成功
[2019-07-04 18:39:35 at 77 line of shop_view.py ] 商家信息查询成功
[2019-07-04 18:39:55 at 77 line of shop_view.py ] 商家信息查询成功
