[2019-07-04 09:56:10 at 78 line of user_view.py ] 手机号或验证码错误
[2019-07-04 09:56:11 at 78 line of user_view.py ] 手机号或验证码错误
[2019-07-04 11:59:38 at 78 line of user_view.py ] 手机号或验证码错误
[2019-07-04 13:06:24 at 69 line of home_view.py ] 参数错误'NoneType' object is not subscriptable
[2019-07-04 13:07:04 at 69 line of home_view.py ] 参数错误'NoneType' object is not subscriptable
[2019-07-04 13:13:47 at 69 line of home_view.py ] 参数错误'NoneType' object is not subscriptable
[2019-07-04 13:14:29 at 69 line of home_view.py ] 参数错误'NoneType' object is not subscriptable
[2019-07-04 13:27:27 at 78 line of user_view.py ] 手机号或验证码错误
[2019-07-04 13:27:46 at 78 line of user_view.py ] 手机号或验证码错误
[2019-07-04 13:28:28 at 78 line of user_view.py ] 手机号或验证码错误
[2019-07-04 13:35:45 at 69 line of home_view.py ] 参数错误'NoneType' object is not subscriptable
[2019-07-04 14:30:09 at 69 line of home_view.py ] 参数错误'NoneType' object is not subscriptable
[2019-07-04 14:30:09 at 69 line of home_view.py ] 参数错误'NoneType' object is not subscriptable
[2019-07-04 14:30:51 at 69 line of home_view.py ] 参数错误'NoneType' object is not subscriptable
[2019-07-04 14:30:51 at 69 line of home_view.py ] 参数错误'NoneType' object is not subscriptable
[2019-07-04 14:30:58 at 69 line of home_view.py ] 参数错误'NoneType' object is not subscriptable
[2019-07-04 14:30:58 at 69 line of home_view.py ] 参数错误'NoneType' object is not subscriptable
[2019-07-04 14:31:05 at 69 line of home_view.py ] 参数错误'NoneType' object is not subscriptable
[2019-07-04 14:31:05 at 69 line of home_view.py ] 参数错误'NoneType' object is not subscriptable
[2019-07-04 14:31:32 at 69 line of home_view.py ] 参数错误'NoneType' object is not subscriptable
[2019-07-04 14:31:32 at 69 line of home_view.py ] 参数错误'NoneType' object is not subscriptable
[2019-07-04 14:33:01 at 69 line of home_view.py ] 参数错误'NoneType' object is not subscriptable
[2019-07-04 14:33:01 at 69 line of home_view.py ] 参数错误'NoneType' object is not subscriptable
[2019-07-04 14:33:18 at 69 line of home_view.py ] 参数错误'NoneType' object is not subscriptable
[2019-07-04 14:33:18 at 69 line of home_view.py ] 参数错误'NoneType' object is not subscriptable
[2019-07-04 14:34:50 at 69 line of home_view.py ] 参数错误'NoneType' object is not subscriptable
[2019-07-04 14:34:50 at 69 line of home_view.py ] 参数错误'NoneType' object is not subscriptable
[2019-07-04 14:36:42 at 69 line of home_view.py ] 参数错误'NoneType' object is not subscriptable
[2019-07-04 14:36:42 at 69 line of home_view.py ] 参数错误'NoneType' object is not subscriptable
[2019-07-04 14:37:51 at 69 line of home_view.py ] 参数错误byte indices must be integers or slices, not str
[2019-07-04 14:37:51 at 69 line of home_view.py ] 参数错误byte indices must be integers or slices, not str
[2019-07-04 14:52:37 at 70 line of home_view.py ] 参数错误byte indices must be integers or slices, not str
[2019-07-04 14:53:03 at 71 line of home_view.py ] 参数错误byte indices must be integers or slices, not str
[2019-07-04 14:54:41 at 72 line of home_view.py ] 参数错误byte indices must be integers or slices, not str
[2019-07-04 14:54:59 at 72 line of home_view.py ] 参数错误byte indices must be integers or slices, not str
[2019-07-04 15:05:36 at 72 line of home_view.py ] 参数错误byte indices must be integers or slices, not str
[2019-07-04 15:05:48 at 72 line of home_view.py ] 参数错误byte indices must be integers or slices, not str
[2019-07-04 15:06:41 at 72 line of home_view.py ] 参数错误byte indices must be integers or slices, not str
[2019-07-04 15:08:09 at 72 line of home_view.py ] 参数错误byte indices must be integers or slices, not str
[2019-07-04 15:09:12 at 72 line of home_view.py ] 参数错误byte indices must be integers or slices, not str
[2019-07-04 15:09:35 at 72 line of home_view.py ] 参数错误byte indices must be integers or slices, not str
[2019-07-04 17:25:32 at 78 line of user_view.py ] 手机号或验证码错误
[2019-07-04 17:25:46 at 78 line of user_view.py ] 手机号或验证码错误
[2019-07-04 17:26:28 at 78 line of user_view.py ] 手机号或验证码错误
[2019-07-04 17:27:21 at 78 line of user_view.py ] 手机号或验证码错误
[2019-07-04 17:27:34 at 78 line of user_view.py ] 手机号或验证码错误
[2019-07-04 17:28:01 at 79 line of user_view.py ] 手机号或验证码错误
[2019-07-04 17:29:13 at 79 line of user_view.py ] 手机号或验证码错误
[2019-07-04 17:29:23 at 79 line of user_view.py ] 手机号或验证码错误
[2019-07-04 17:30:35 at 79 line of user_view.py ] 手机号或验证码错误
[2019-07-04 19:44:44 at 72 line of home_view.py ] 参数错误'lat'
[2019-07-04 19:45:30 at 72 line of home_view.py ] 参数错误'NoneType' object is not subscriptable
[2019-07-04 19:51:16 at 75 line of home_view.py ] 请求方式错误
